<?xml version="1.0" encoding="UTF-8"?>
<!-- Generated by org.testng.reporters.JUnitReportReporter -->
<testsuite hostname="Marys-MacBook-Pro.local" name="cars.CarsTest" tests="1" failures="0" timestamp="14 Apr 2016 02:00:36 GMT" time="30.668" errors="0">
  <testcase name="mcLarenSearchTest" time="30.668" classname="cars.CarsTest"/>
</testsuite> <!-- cars.CarsTest -->
